2023-05-27 09:32:42 - HikariPool-1 - Thread starvation or clock leap detected (housekeeper delta=10h52m12s655ms798µs700ns).
2023-05-27 10:27:26 - The web application [ROOT] appears to have started a thread named [HikariPool-1 housekeeper] but has failed to stop it. This is very likely to create a memory leak. Stack trace of thread:
 java.base@17.0.6/jdk.internal.misc.Unsafe.park(Native Method)
 java.base@17.0.6/java.util.concurrent.locks.LockSupport.parkNanos(LockSupport.java:252)
 java.base@17.0.6/java.util.concurrent.locks.AbstractQueuedSynchronizer$ConditionObject.awaitNanos(AbstractQueuedSynchronizer.java:1672)
 java.base@17.0.6/java.util.concurrent.ScheduledThreadPoolExecutor$DelayedWorkQueue.take(ScheduledThreadPoolExecutor.java:1182)
 java.base@17.0.6/java.util.concurrent.ScheduledThreadPoolExecutor$DelayedWorkQueue.take(ScheduledThreadPoolExecutor.java:899)
 java.base@17.0.6/java.util.concurrent.ThreadPoolExecutor.getTask(ThreadPoolExecutor.java:1062)
 java.base@17.0.6/java.util.concurrent.ThreadPoolExecutor.runWorker(ThreadPoolExecutor.java:1122)
 java.base@17.0.6/java.util.concurrent.ThreadPoolExecutor$Worker.run(ThreadPoolExecutor.java:635)
 java.base@17.0.6/java.lang.Thread.run(Thread.java:833)
2023-05-27 10:27:26 - The web application [ROOT] appears to have started a thread named [logback-1] but has failed to stop it. This is very likely to create a memory leak. Stack trace of thread:
 java.base@17.0.6/jdk.internal.misc.Unsafe.park(Native Method)
 java.base@17.0.6/java.util.concurrent.locks.LockSupport.park(LockSupport.java:341)
 java.base@17.0.6/java.util.concurrent.locks.AbstractQueuedSynchronizer$ConditionNode.block(AbstractQueuedSynchronizer.java:506)
 java.base@17.0.6/java.util.concurrent.ForkJoinPool.unmanagedBlock(ForkJoinPool.java:3463)
 java.base@17.0.6/java.util.concurrent.ForkJoinPool.managedBlock(ForkJoinPool.java:3434)
 java.base@17.0.6/java.util.concurrent.locks.AbstractQueuedSynchronizer$ConditionObject.await(AbstractQueuedSynchronizer.java:1623)
 java.base@17.0.6/java.util.concurrent.ScheduledThreadPoolExecutor$DelayedWorkQueue.take(ScheduledThreadPoolExecutor.java:1170)
 java.base@17.0.6/java.util.concurrent.ScheduledThreadPoolExecutor$DelayedWorkQueue.take(ScheduledThreadPoolExecutor.java:899)
 java.base@17.0.6/java.util.concurrent.ThreadPoolExecutor.getTask(ThreadPoolExecutor.java:1062)
 java.base@17.0.6/java.util.concurrent.ThreadPoolExecutor.runWorker(ThreadPoolExecutor.java:1122)
 java.base@17.0.6/java.util.concurrent.ThreadPoolExecutor$Worker.run(ThreadPoolExecutor.java:635)
 java.base@17.0.6/java.lang.Thread.run(Thread.java:833)
2023-05-27 10:34:06 - Listando todos os usuarios
2023-05-27 10:34:09 - Listando todos os grupos de acesso
2023-05-27 10:34:09 - Buscando um usuario por ID: c42684a8-ca3d-11ed-afa1-0242ac120002
2023-05-27 10:37:07 - Listando todos os clientes
2023-05-27 10:37:28 - Listando todos as Marcas
2023-05-27 10:37:41 - Listando todos as Marcas
2023-05-27 10:37:52 - Buscando marca por nome: cri
2023-05-27 10:38:04 - Buscando marca por nome: aaa
2023-05-27 10:38:49 - Listando todos os Fornecedores
2023-05-27 10:38:51 - Listando todos as Marcas
2023-05-27 10:39:20 - Buscando marca por nome: jahdskjfhajsdhfkajdshfkjsad
2023-05-27 10:39:33 - Buscando marca por nome: a
2023-05-27 10:40:20 - Listando todos os Fornecedores
2023-05-27 10:40:23 - Listando todos os insumos ativos
2023-05-27 10:40:27 - Buscando insumo por ID: e975b852-e44e-11ed-b5ea-0242ac120002
2023-05-27 10:40:27 - Listando todos os lancamentos do insumo com ID: e975b852-e44e-11ed-b5ea-0242ac120002
2023-05-27 10:40:31 - Buscando lancamento por ID: a26c76b1-15e6-4596-9b4c-4d9a7e90db3e
2023-05-27 10:40:45 - Listando todos os insumos ativos
2023-05-27 10:45:36 - Buscando insumo por ID: bbbc5555-b4ef-4270-aa7b-9884a552ee57
2023-05-27 10:45:39 - Listando todos os insumos ativos
2023-05-27 10:45:46 - Listando todos as notas fiscais
2023-05-27 10:48:05 - Buscando nota fiscal por ID: 7f4dfdb9-ac51-4e8d-b71b-4fec85460e98
2023-05-27 10:48:13 - Listando todos as notas fiscais
2023-05-27 10:48:16 - Buscando nota fiscal por ID: 04ecccc8-a6a4-429d-b93b-25bc4683073e
2023-05-27 10:48:37 - Listando todos as notas fiscais
2023-05-27 10:54:29 - The web application [ROOT] appears to have started a thread named [HikariPool-1 housekeeper] but has failed to stop it. This is very likely to create a memory leak. Stack trace of thread:
 java.base@17.0.6/jdk.internal.misc.Unsafe.park(Native Method)
 java.base@17.0.6/java.util.concurrent.locks.LockSupport.parkNanos(LockSupport.java:252)
 java.base@17.0.6/java.util.concurrent.locks.AbstractQueuedSynchronizer$ConditionObject.awaitNanos(AbstractQueuedSynchronizer.java:1672)
 java.base@17.0.6/java.util.concurrent.ScheduledThreadPoolExecutor$DelayedWorkQueue.take(ScheduledThreadPoolExecutor.java:1182)
 java.base@17.0.6/java.util.concurrent.ScheduledThreadPoolExecutor$DelayedWorkQueue.take(ScheduledThreadPoolExecutor.java:899)
 java.base@17.0.6/java.util.concurrent.ThreadPoolExecutor.getTask(ThreadPoolExecutor.java:1062)
 java.base@17.0.6/java.util.concurrent.ThreadPoolExecutor.runWorker(ThreadPoolExecutor.java:1122)
 java.base@17.0.6/java.util.concurrent.ThreadPoolExecutor$Worker.run(ThreadPoolExecutor.java:635)
 java.base@17.0.6/java.lang.Thread.run(Thread.java:833)
